<?xml version="1.0" encoding="UTF-8"?>
<!-- Generated by org.testng.reporters.JUnitXMLReporter -->
<testsuite ignored="2" hostname="LAPTOP-BM3QUGGE" failures="1" tests="2" name="Test" time="13.871" errors="0" timestamp="2024-01-09T18:48:27 IST">
  <testcase classname="com.vtiger.genericlib.BaseClass" name="@BeforeClass setup" time="3.017">
    <failure type="java.lang.Exception" message="Check the key value entered is wrong">
      <![CDATA[java.lang.Exception: Check the key value entered is wrong
at com.vtiger.genericlib.PropertyUtility.fetchPropertyfile(PropertyUtility.java:37)
at com.vtiger.genericlib.BaseClass.setup(BaseClass.java:61)
at java.base/java.util.concurrent.ThreadPoolExecutor.runWorker(ThreadPoolExecutor.java:1128)
at java.base/java.util.concurrent.ThreadPoolExecutor$Worker.run(ThreadPoolExecutor.java:628)
at java.base/java.lang.Thread.run(Thread.java:834)
... Removed 10 stack frames]]>
    </failure>
  </testcase> <!-- @BeforeClass setup -->
  <testcase classname="com.vtiger.genericlib.BaseClass" name="@BeforeMethod login" time="-1.704806296406E9">
    <skipped/>
  </testcase> <!-- @BeforeMethod login -->
  <testcase classname="com.vtiger.genericlib.BaseClass" name="@AfterMethod logout" time="-1.704806296411E9">
    <skipped/>
  </testcase> <!-- @AfterMethod logout -->
  <testcase classname="com.vtiger.genericlib.BaseClass" name="@AfterClass tearup" time="-1.704806296413E9">
    <skipped/>
  </testcase> <!-- @AfterClass tearup -->
  <testcase classname="com.vtiger.genericlib.BaseClass" name="@AfterMethod logout" time="0.031">
    <failure type="org.openqa.selenium.json.JsonException" message="java.lang.reflect.InvocationTargetException
Build info: version: &amp;apos;4.16.1&amp;apos;, revision: &amp;apos;9b4c83354e&amp;apos;
System info: os.name: &amp;apos;Windows 11&amp;apos;, os.arch: &amp;apos;amd64&amp;apos;, os.version: &amp;apos;10.0&amp;apos;, java.version: &amp;apos;11.0.20&amp;apos;
Driver info: org.openqa.selenium.chrome.ChromeDriver
Command: [ad92295d4fae09acdefe15a78cad51d7, actions {actions=[org.openqa.selenium.interactions.Sequence@13d64ca0]}]
Capabilities {acceptInsecureCerts: false, browserName: chrome, browserVersion: 120.0.6099.200, chrome: {chromedriverVersion: 120.0.6099.109 (3419140ab66..., userDataDir: C:\Users\UAER\AppData\Local...}, fedcm:accounts: true, goog:chromeOptions: {debuggerAddress: localhost:52623}, networkConnectionEnabled: false, pageLoadStrategy: normal, platformName: windows, proxy: Proxy(), se:cdp: ws://localhost:52623/devtoo..., se:cdpVersion: 120.0.6099.200, setWindowRect: true, strictFileInteractability: false, timeouts: {implicit: 0, pageLoad: 300000, script: 30000}, unhandledPromptBehavior: dismiss and notify, webauthn:extension:credBlob: true, webauthn:extension:largeBlob: true, webauthn:extension:minPinLength: true, webauthn:extension:prf: true, webauthn:virtualAuthenticators: true}
Session ID: ad92295d4fae09acdefe15a78cad51d7">
      <![CDATA[org.openqa.selenium.json.JsonException: java.lang.reflect.InvocationTargetException
Build info: version: '4.16.1', revision: '9b4c83354e'
System info: os.name: 'Windows 11', os.arch: 'amd64', os.version: '10.0', java.version: '11.0.20'
Driver info: org.openqa.selenium.chrome.ChromeDriver
Command: [ad92295d4fae09acdefe15a78cad51d7, actions {actions=[org.openqa.selenium.interactions.Sequence@13d64ca0]}]
Capabilities {acceptInsecureCerts: false, browserName: chrome, browserVersion: 120.0.6099.200, chrome: {chromedriverVersion: 120.0.6099.109 (3419140ab66..., userDataDir: C:\Users\UAER\AppData\Local...}, fedcm:accounts: true, goog:chromeOptions: {debuggerAddress: localhost:52623}, networkConnectionEnabled: false, pageLoadStrategy: normal, platformName: windows, proxy: Proxy(), se:cdp: ws://localhost:52623/devtoo..., se:cdpVersion: 120.0.6099.200, setWindowRect: true, strictFileInteractability: false, timeouts: {implicit: 0, pageLoad: 300000, script: 30000}, unhandledPromptBehavior: dismiss and notify, webauthn:extension:credBlob: true, webauthn:extension:largeBlob: true, webauthn:extension:minPinLength: true, webauthn:extension:prf: true, webauthn:virtualAuthenticators: true}
Session ID: ad92295d4fae09acdefe15a78cad51d7
at org.openqa.selenium.json.JsonOutput.convertUsingMethod(JsonOutput.java:520)
at org.openqa.selenium.json.JsonOutput.lambda$new$16(JsonOutput.java:182)
at org.openqa.selenium.json.JsonOutput.write0(JsonOutput.java:409)
at org.openqa.selenium.json.JsonOutput.lambda$new$22(JsonOutput.java:204)
at java.base/java.util.stream.ForEachOps$ForEachOp$OfRef.accept(ForEachOps.java:183)
at java.base/java.util.stream.ReferencePipeline$2$1.accept(ReferencePipeline.java:177)
at java.base/java.util.Iterator.forEachRemaining(Iterator.java:133)
at java.base/java.util.Spliterators$IteratorSpliterator.forEachRemaining(Spliterators.java:1801)
at java.base/java.util.stream.AbstractPipeline.copyInto(AbstractPipeline.java:484)
at java.base/java.util.stream.AbstractPipeline.wrapAndCopyInto(AbstractPipeline.java:474)
at java.base/java.util.stream.ForEachOps$ForEachOp.evaluateSequential(ForEachOps.java:150)
at java.base/java.util.stream.ForEachOps$ForEachOp$OfRef.evaluateSequential(ForEachOps.java:173)
at java.base/java.util.stream.AbstractPipeline.evaluate(AbstractPipeline.java:234)
at java.base/java.util.stream.ReferencePipeline.forEach(ReferencePipeline.java:497)
at org.openqa.selenium.json.JsonOutput.lambda$new$23(JsonOutput.java:204)
at org.openqa.selenium.json.JsonOutput.write0(JsonOutput.java:409)
at org.openqa.selenium.json.JsonOutput.lambda$new$24(JsonOutput.java:222)
at com.google.common.collect.SingletonImmutableBiMap.forEach(SingletonImmutableBiMap.java:68)
at org.openqa.selenium.json.JsonOutput.lambda$new$25(JsonOutput.java:217)
at org.openqa.selenium.json.JsonOutput.write0(JsonOutput.java:409)
at org.openqa.selenium.json.JsonOutput.write(JsonOutput.java:400)
at org.openqa.selenium.json.Json.toJson(Json.java:133)
at org.openqa.selenium.json.Json.toJson(Json.java:119)
at org.openqa.selenium.remote.codec.AbstractHttpCommandCodec.encode(AbstractHttpCommandCodec.java:280)
at org.openqa.selenium.remote.codec.AbstractHttpCommandCodec.encode(AbstractHttpCommandCodec.java:130)
at org.openqa.selenium.remote.HttpCommandExecutor.execute(HttpCommandExecutor.java:179)
at org.openqa.selenium.remote.service.DriverCommandExecutor.invokeExecute(DriverCommandExecutor.java:200)
at org.openqa.selenium.remote.service.DriverCommandExecutor.execute(DriverCommandExecutor.java:175)
at org.openqa.selenium.remote.RemoteWebDriver.execute(RemoteWebDriver.java:523)
at org.openqa.selenium.remote.RemoteWebDriver.perform(RemoteWebDriver.java:609)
at org.openqa.selenium.interactions.Actions$BuiltAction.perform(Actions.java:598)
at org.openqa.selenium.interactions.Actions.perform(Actions.java:567)
at com.vtiger.genericlib.WebDriverUtility.moveyourcursor(WebDriverUtility.java:233)
at com.vtiger.loginpages.LoginandLogoutpages.logoutVtiger(LoginandLogoutpages.java:80)
at com.vtiger.genericlib.BaseClass.logout(BaseClass.java:78)
at java.base/java.util.concurrent.ThreadPoolExecutor.runWorker(ThreadPoolExecutor.java:1128)
at java.base/java.util.concurrent.ThreadPoolExecutor$Worker.run(ThreadPoolExecutor.java:628)
at java.base/java.lang.Thread.run(Thread.java:834)
Suppressed: org.openqa.selenium.json.JsonException: Attempting to close incomplete json stream
Build info: version: '4.16.1', revision: '9b4c83354e'
System info: os.name: 'Windows 11', os.arch: 'amd64', os.version: '10.0', java.version: '11.0.20'
Driver info: driver.version: RemoteWebDriver
at org.openqa.selenium.json.JsonOutput.close(JsonOutput.java:431)
at org.openqa.selenium.json.Json.toJson(Json.java:131)
... 33 more
at org.openqa.selenium.json.JsonOutput.convertUsingMethod(JsonOutput.java:516)
... 54 more
Caused by: org.openqa.selenium.NoSuchWindowException: no such window: target window already closed
from unknown error: web view not found
  (Session info: chrome=120.0.6099.200)
Build info: version: '4.16.1', revision: '9b4c83354e'
System info: os.name: 'Windows 11', os.arch: 'amd64', os.version: '10.0', java.version: '11.0.20'
Driver info: org.openqa.selenium.chrome.ChromeDriver
Command: [b1da00bb2816fe1ddf0e1c676aad967a, findElement {using=xpath, value=//td[@class='genHeaderSmall']/following-sibling::td/img}]
Capabilities {acceptInsecureCerts: false, browserName: chrome, browserVersion: 120.0.6099.200, chrome: {chromedriverVersion: 120.0.6099.109 (3419140ab66..., userDataDir: C:\Users\UAER\AppData\Local...}, fedcm:accounts: true, goog:chromeOptions: {debuggerAddress: localhost:52624}, networkConnectionEnabled: false, pageLoadStrategy: normal, platformName: windows, proxy: Proxy(), se:cdp: ws://localhost:52624/devtoo..., se:cdpVersion: 120.0.6099.200, setWindowRect: true, strictFileInteractability: false, timeouts: {implicit: 0, pageLoad: 300000, script: 30000}, unhandledPromptBehavior: dismiss and notify, webauthn:extension:credBlob: true, webauthn:extension:largeBlob: true, webauthn:extension:minPinLength: true, webauthn:extension:prf: true, webauthn:virtualAuthenticators: true}
Session ID: b1da00bb2816fe1ddf0e1c676aad967a
at org.openqa.selenium.remote.codec.w3c.W3CHttpResponseCodec.createException(W3CHttpResponseCodec.java:200)
at org.openqa.selenium.remote.codec.w3c.W3CHttpResponseCodec.decode(W3CHttpResponseCodec.java:133)
at org.openqa.selenium.remote.codec.w3c.W3CHttpResponseCodec.decode(W3CHttpResponseCodec.java:52)
at org.openqa.selenium.remote.HttpCommandExecutor.execute(HttpCommandExecutor.java:191)
at org.openqa.selenium.remote.service.DriverCommandExecutor.invokeExecute(DriverCommandExecutor.java:200)
at org.openqa.selenium.remote.service.DriverCommandExecutor.execute(DriverCommandExecutor.java:175)
at org.openqa.selenium.remote.RemoteWebDriver.execute(RemoteWebDriver.java:523)
at org.openqa.selenium.remote.ElementLocation$ElementFinder$2.findElement(ElementLocation.java:165)
at org.openqa.selenium.remote.ElementLocation.findElement(ElementLocation.java:59)
at org.openqa.selenium.remote.RemoteWebDriver.findElement(RemoteWebDriver.java:360)
at org.openqa.selenium.remote.RemoteWebDriver.findElement(RemoteWebDriver.java:354)
at org.openqa.selenium.support.pagefactory.DefaultElementLocator.findElement(DefaultElementLocator.java:68)
at org.openqa.selenium.support.pagefactory.internal.LocatingElementHandler.invoke(LocatingElementHandler.java:38)
at com.sun.proxy.$Proxy18.getWrappedElement(Unknown Source)
at org.openqa.selenium.interactions.PointerInput$Origin.asArg(PointerInput.java:259)
at org.openqa.selenium.interactions.PointerInput$Move.encode(PointerInput.java:208)
at org.openqa.selenium.interactions.Sequence.encode(Sequence.java:72)
at org.openqa.selenium.interactions.Sequence.toJson(Sequence.java:81)
... 59 more
... Removed 26 stack frames]]>
    </failure>
  </testcase> <!-- @AfterMethod logout -->
  <testcase classname="com.vtiger.genericlib.BaseClass" name="@AfterClass tearup" time="-1.704806307212E9">
    <skipped/>
  </testcase> <!-- @AfterClass tearup -->
  <testcase classname="com.vtiger.producttestcase.ExporttheProduct" name="m6" time="0.0">
    <skipped/>
  </testcase> <!-- m6 -->
  <testcase classname="com.vtiger.producttestcase.SearchaParticularProduct" name="m7" time="0.041">
    <failure type="org.openqa.selenium.NoSuchWindowException" message="no such window: target window already closed
from unknown error: web view not found
  (Session info: chrome=120.0.6099.200)
Build info: version: &amp;apos;4.16.1&amp;apos;, revision: &amp;apos;9b4c83354e&amp;apos;
System info: os.name: &amp;apos;Windows 11&amp;apos;, os.arch: &amp;apos;amd64&amp;apos;, os.version: &amp;apos;10.0&amp;apos;, java.version: &amp;apos;11.0.20&amp;apos;
Driver info: org.openqa.selenium.chrome.ChromeDriver
Command: [b1da00bb2816fe1ddf0e1c676aad967a, findElement {using=xpath, value=//a[text()=&amp;apos;Products&amp;apos;]}]
Capabilities {acceptInsecureCerts: false, browserName: chrome, browserVersion: 120.0.6099.200, chrome: {chromedriverVersion: 120.0.6099.109 (3419140ab66..., userDataDir: C:\Users\UAER\AppData\Local...}, fedcm:accounts: true, goog:chromeOptions: {debuggerAddress: localhost:52624}, networkConnectionEnabled: false, pageLoadStrategy: normal, platformName: windows, proxy: Proxy(), se:cdp: ws://localhost:52624/devtoo..., se:cdpVersion: 120.0.6099.200, setWindowRect: true, strictFileInteractability: false, timeouts: {implicit: 0, pageLoad: 300000, script: 30000}, unhandledPromptBehavior: dismiss and notify, webauthn:extension:credBlob: true, webauthn:extension:largeBlob: true, webauthn:extension:minPinLength: true, webauthn:extension:prf: true, webauthn:virtualAuthenticators: true}
Session ID: b1da00bb2816fe1ddf0e1c676aad967a">
      <![CDATA[org.openqa.selenium.NoSuchWindowException: no such window: target window already closed
from unknown error: web view not found
  (Session info: chrome=120.0.6099.200)
Build info: version: '4.16.1', revision: '9b4c83354e'
System info: os.name: 'Windows 11', os.arch: 'amd64', os.version: '10.0', java.version: '11.0.20'
Driver info: org.openqa.selenium.chrome.ChromeDriver
Command: [b1da00bb2816fe1ddf0e1c676aad967a, findElement {using=xpath, value=//a[text()='Products']}]
Capabilities {acceptInsecureCerts: false, browserName: chrome, browserVersion: 120.0.6099.200, chrome: {chromedriverVersion: 120.0.6099.109 (3419140ab66..., userDataDir: C:\Users\UAER\AppData\Local...}, fedcm:accounts: true, goog:chromeOptions: {debuggerAddress: localhost:52624}, networkConnectionEnabled: false, pageLoadStrategy: normal, platformName: windows, proxy: Proxy(), se:cdp: ws://localhost:52624/devtoo..., se:cdpVersion: 120.0.6099.200, setWindowRect: true, strictFileInteractability: false, timeouts: {implicit: 0, pageLoad: 300000, script: 30000}, unhandledPromptBehavior: dismiss and notify, webauthn:extension:credBlob: true, webauthn:extension:largeBlob: true, webauthn:extension:minPinLength: true, webauthn:extension:prf: true, webauthn:virtualAuthenticators: true}
Session ID: b1da00bb2816fe1ddf0e1c676aad967a
at org.openqa.selenium.remote.codec.w3c.W3CHttpResponseCodec.createException(W3CHttpResponseCodec.java:200)
at org.openqa.selenium.remote.codec.w3c.W3CHttpResponseCodec.decode(W3CHttpResponseCodec.java:133)
at org.openqa.selenium.remote.codec.w3c.W3CHttpResponseCodec.decode(W3CHttpResponseCodec.java:52)
at org.openqa.selenium.remote.HttpCommandExecutor.execute(HttpCommandExecutor.java:191)
at org.openqa.selenium.remote.service.DriverCommandExecutor.invokeExecute(DriverCommandExecutor.java:200)
at org.openqa.selenium.remote.service.DriverCommandExecutor.execute(DriverCommandExecutor.java:175)
at org.openqa.selenium.remote.RemoteWebDriver.execute(RemoteWebDriver.java:523)
at org.openqa.selenium.remote.ElementLocation$ElementFinder$2.findElement(ElementLocation.java:165)
at org.openqa.selenium.remote.ElementLocation.findElement(ElementLocation.java:59)
at org.openqa.selenium.remote.RemoteWebDriver.findElement(RemoteWebDriver.java:360)
at org.openqa.selenium.remote.RemoteWebDriver.findElement(RemoteWebDriver.java:354)
at org.openqa.selenium.support.pagefactory.DefaultElementLocator.findElement(DefaultElementLocator.java:68)
at org.openqa.selenium.support.pagefactory.internal.LocatingElementHandler.invoke(LocatingElementHandler.java:38)
at com.sun.proxy.$Proxy18.click(Unknown Source)
at com.vtiger.producttestcase.SearchaParticularProduct.m7(SearchaParticularProduct.java:26)
at java.base/java.util.concurrent.ThreadPoolExecutor.runWorker(ThreadPoolExecutor.java:1128)
at java.base/java.util.concurrent.ThreadPoolExecutor$Worker.run(ThreadPoolExecutor.java:628)
at java.base/java.lang.Thread.run(Thread.java:834)
... Removed 16 stack frames]]>
    </failure>
  </testcase> <!-- m7 -->
  <testcase classname="com.vtiger.genericlib.BaseClass" name="@AfterSuite disconnectJDBC" time="0.0">
    <ignored/>
  </testcase> <!-- @AfterSuite disconnectJDBC -->
  <testcase classname="com.vtiger.genericlib.BaseClass" name="@BeforeSuite ConnectJDBC" time="0.0">
    <ignored/>
  </testcase> <!-- @BeforeSuite ConnectJDBC -->
</testsuite> <!-- Test -->
